<?xml version="1.0" encoding="UTF-8"?>
<!-- Generated by org.testng.reporters.JUnitReportReporter -->
<testsuite skipped="0" hostname="DESKTOP-82IL342" name="tests.LoginDDT" tests="4" failures="0" timestamp="07 Nov 2018 05:12:55 GMT" time="23.384" errors="0">
  <testcase name="loginTest" time="5.833" classname="tests.LoginDDT"/>
  <testcase name="loginTest" time="6.345" classname="tests.LoginDDT"/>
  <testcase name="loginTest" time="5.425" classname="tests.LoginDDT"/>
  <testcase name="loginTest" time="5.781" classname="tests.LoginDDT"/>
</testsuite> <!-- tests.LoginDDT -->
