<?xml version="1.0" encoding="UTF-8"?>
<!-- Generated by org.testng.reporters.JUnitReportReporter -->
<testsuite hostname="DESKTOP-82IL342" failures="0" tests="1" name="smoketests.LoginPresentTestNG" time="6.493" errors="0" timestamp="18 Oct 2018 04:42:49 GMT" skipped="0">
  <testcase classname="smoketests.LoginPresentTestNG" name="loginElementsPresentTest" time="6.493"/>
</testsuite> <!-- smoketests.LoginPresentTestNG -->
