<?xml version="1.0" encoding="UTF-8"?>
<!-- Generated by org.testng.reporters.JUnitReportReporter -->
<testsuite skipped="0" hostname="DESKTOP-82IL342" name="tests.LoginDDT" tests="4" failures="0" timestamp="05 Nov 2018 15:13:02 GMT" time="27.992" errors="0">
  <testcase name="loginTest" time="6.704" classname="tests.LoginDDT"/>
  <testcase name="loginTest" time="7.293" classname="tests.LoginDDT"/>
  <testcase name="loginTest" time="7.200" classname="tests.LoginDDT"/>
  <testcase name="loginTest" time="6.795" classname="tests.LoginDDT"/>
</testsuite> <!-- tests.LoginDDT -->
