<?xml version="1.0" encoding="UTF-8"?>
<!-- Generated by org.testng.reporters.JUnitReportReporter -->
<testsuite skipped="0" hostname="DESKTOP-82IL342" name="tests.LoginDDT" tests="4" failures="0" timestamp="06 Nov 2018 18:25:16 GMT" time="28.633" errors="0">
  <testcase name="loginTest" time="6.374" classname="tests.LoginDDT"/>
  <testcase name="loginTest" time="9.724" classname="tests.LoginDDT"/>
  <testcase name="loginTest" time="6.373" classname="tests.LoginDDT"/>
  <testcase name="loginTest" time="6.162" classname="tests.LoginDDT"/>
</testsuite> <!-- tests.LoginDDT -->
