<?xml version="1.0" encoding="UTF-8"?>
<!-- Generated by org.testng.reporters.JUnitReportReporter -->
<testsuite hostname="DESKTOP-82IL342" failures="0" tests="1" name="smoketests.ATagsTest" time="5.382" errors="0" timestamp="18 Oct 2018 10:20:19 GMT" skipped="0">
  <testcase classname="smoketests.ATagsTest" name="loginElementsPresentTest" time="5.382"/>
</testsuite> <!-- smoketests.ATagsTest -->
