<?xml version="1.0" encoding="UTF-8"?>
<!-- Generated by org.testng.reporters.JUnitReportReporter -->
<testsuite skipped="0" hostname="DESKTOP-82IL342" name="tests.LoginDDT" tests="4" failures="0" timestamp="05 Nov 2018 14:44:32 GMT" time="30.092" errors="0">
  <testcase name="loginTest" time="6.200" classname="tests.LoginDDT"/>
  <testcase name="loginTest" time="10.569" classname="tests.LoginDDT"/>
  <testcase name="loginTest" time="7.077" classname="tests.LoginDDT"/>
  <testcase name="loginTest" time="6.246" classname="tests.LoginDDT"/>
</testsuite> <!-- tests.LoginDDT -->
